2025-11-06 07:23:44 [main.sh] INFO: Maintenance suite started.
2025-11-06 07:24:02 [monitor_logs.sh] INFO: Log monitoring started.
2025-11-06 07:24:02 [monitor_logs.sh] INFO: No critical issues found.
2025-11-06 07:24:02 [monitor_logs.sh] INFO: Log monitoring finished.
2025-11-06 07:24:55 [update.sh] INFO: System update process started.
2025-11-06 07:24:55 [update.sh] INFO: Running apt update...
2025-11-06 07:24:57 [update.sh] INFO: Running apt upgrade...
2025-11-06 07:24:58 [update.sh] INFO: Running apt autoremove...
2025-11-06 07:24:58 [update.sh] INFO: Running apt clean...
2025-11-06 07:24:58 [update.sh] INFO: System update and cleanup finished successfully.
2025-11-06 07:25:15 [main.sh] INFO: Maintenance suite stopped.
2025-11-06 07:38:15 [main.sh] INFO: Maintenance suite started.
2025-11-06 07:38:38 [monitor_logs.sh] INFO: Log monitoring started.
2025-11-06 07:38:38 [monitor_logs.sh] INFO: ALERT: Critical keywords found in logs/backup.log.
2025-11-06 07:38:28 [backup.sh] INFO: Backup successful: /home/pratik/system_maintenance/backup_drive/backup_20251106_073828.tar.gz
2025-11-06 07:38:38 [monitor_logs.sh] INFO: Log monitoring finished.
2025-11-06 07:41:18 [main.sh] INFO: Maintenance suite stopped.
2025-11-06 07:42:40 [main.sh] INFO: Maintenance suite started.
2025-11-06 07:43:10 [monitor_logs.sh] INFO: Log monitoring started.
2025-11-06 07:43:10 [monitor_logs.sh] INFO: ALERT: Critical keywords found in logs/backup.log.
2025-11-06 07:38:28 [backup.sh] INFO: Backup successful: /home/pratik/system_maintenance/backup_drive/backup_20251106_073828.tar.gz
2025-11-06 07:42:47 [backup.sh] INFO: Backup successful: /home/pratik/system_maintenance/backup_drive/backup_20251106_074247.tar.gz
2025-11-06 07:43:10 [monitor_logs.sh] INFO: Log monitoring finished.
2025-11-06 07:44:33 [main.sh] INFO: Maintenance suite stopped.
2025-11-06 07:50:05 [main.sh] INFO: Maintenance suite started.
2025-11-06 07:50:29 [main.sh] INFO: Maintenance suite stopped.
